{"C:\\Users\\Jose PC\\Escritorio\\Node\\f1-rest\\src\\app.ts": {"path":"C:\\Users\\Jose PC\\Escritorio\\Node\\f1-rest\\src\\app.ts","all":false,"statementMap":{"0":{"start":{"line":1,"column":0},"end":{"line":1,"column":36}},"1":{"start":{"line":2,"column":0},"end":{"line":2,"column":49}},"2":{"start":{"line":3,"column":0},"end":{"line":3,"column":46}},"3":{"start":{"line":4,"column":0},"end":{"line":4,"column":0}},"4":{"start":{"line":5,"column":0},"end":{"line":5,"column":0}},"5":{"start":{"line":6,"column":0},"end":{"line":6,"column":8}},"6":{"start":{"line":7,"column":0},"end":{"line":7,"column":8}},"7":{"start":{"line":8,"column":0},"end":{"line":8,"column":5}},"8":{"start":{"line":9,"column":0},"end":{"line":9,"column":0}},"9":{"start":{"line":10,"column":0},"end":{"line":10,"column":16}},"10":{"start":{"line":11,"column":0},"end":{"line":11,"column":23}},"11":{"start":{"line":12,"column":0},"end":{"line":12,"column":19}},"12":{"start":{"line":13,"column":0},"end":{"line":13,"column":20}},"13":{"start":{"line":14,"column":0},"end":{"line":14,"column":34}},"14":{"start":{"line":15,"column":0},"end":{"line":15,"column":28}},"15":{"start":{"line":16,"column":0},"end":{"line":16,"column":3}},"16":{"start":{"line":17,"column":0},"end":{"line":17,"column":36}},"17":{"start":{"line":18,"column":0},"end":{"line":18,"column":0}},"18":{"start":{"line":19,"column":0},"end":{"line":19,"column":16}},"19":{"start":{"line":20,"column":0},"end":{"line":20,"column":1}}},"s":{"0":1,"1":1,"2":1,"3":1,"4":1,"5":1,"6":1,"7":1,"8":1,"9":1,"10":1,"11":1,"12":1,"13":1,"14":1,"15":1,"16":1,"17":1,"18":1,"19":1},"branchMap":{"0":{"type":"branch","line":6,"loc":{"start":{"line":6,"column":1},"end":{"line":8,"column":2}},"locations":[{"start":{"line":6,"column":1},"end":{"line":8,"column":2}}]},"1":{"type":"branch","line":11,"loc":{"start":{"line":11,"column":0},"end":{"line":20,"column":1}},"locations":[{"start":{"line":11,"column":0},"end":{"line":20,"column":1}}]}},"b":{"0":[1],"1":[1]},"fnMap":{"0":{"name":"main","decl":{"start":{"line":11,"column":0},"end":{"line":20,"column":1}},"loc":{"start":{"line":11,"column":0},"end":{"line":20,"column":1}},"line":11}},"f":{"0":1}}
,"C:\\Users\\Jose PC\\Escritorio\\Node\\f1-rest\\src\\config\\envs.ts": {"path":"C:\\Users\\Jose PC\\Escritorio\\Node\\f1-rest\\src\\config\\envs.ts","all":false,"statementMap":{"0":{"start":{"line":1,"column":0},"end":{"line":1,"column":22}},"1":{"start":{"line":2,"column":0},"end":{"line":2,"column":29}},"2":{"start":{"line":3,"column":0},"end":{"line":3,"column":0}},"3":{"start":{"line":4,"column":0},"end":{"line":4,"column":0}},"4":{"start":{"line":5,"column":0},"end":{"line":5,"column":21}},"5":{"start":{"line":6,"column":0},"end":{"line":6,"column":46}},"6":{"start":{"line":7,"column":0},"end":{"line":7,"column":62}},"7":{"start":{"line":8,"column":0},"end":{"line":8,"column":1}}},"s":{"0":1,"1":1,"2":1,"3":1,"4":1,"5":1,"6":1,"7":1},"branchMap":{},"b":{},"fnMap":{},"f":{}}
,"C:\\Users\\Jose PC\\Escritorio\\Node\\f1-rest\\src\\data\\postgres\\index.ts": {"path":"C:\\Users\\Jose PC\\Escritorio\\Node\\f1-rest\\src\\data\\postgres\\index.ts","all":false,"statementMap":{"0":{"start":{"line":1,"column":0},"end":{"line":1,"column":46}},"1":{"start":{"line":2,"column":0},"end":{"line":2,"column":0}},"2":{"start":{"line":3,"column":0},"end":{"line":3,"column":0}},"3":{"start":{"line":4,"column":0},"end":{"line":4,"column":0}},"4":{"start":{"line":5,"column":0},"end":{"line":5,"column":40}}},"s":{"0":1,"1":1,"2":1,"3":1,"4":1},"branchMap":{},"b":{},"fnMap":{},"f":{}}
,"C:\\Users\\Jose PC\\Escritorio\\Node\\f1-rest\\src\\domain\\index.ts": {"path":"C:\\Users\\Jose PC\\Escritorio\\Node\\f1-rest\\src\\domain\\index.ts","all":false,"statementMap":{"0":{"start":{"line":1,"column":0},"end":{"line":1,"column":45}},"1":{"start":{"line":2,"column":0},"end":{"line":2,"column":38}},"2":{"start":{"line":3,"column":0},"end":{"line":3,"column":46}},"3":{"start":{"line":4,"column":0},"end":{"line":4,"column":36}}},"s":{"0":1,"1":1,"2":1,"3":1},"branchMap":{},"b":{},"fnMap":{},"f":{}}
,"C:\\Users\\Jose PC\\Escritorio\\Node\\f1-rest\\src\\domain\\errors\\statusError.ts": {"path":"C:\\Users\\Jose PC\\Escritorio\\Node\\f1-rest\\src\\domain\\errors\\statusError.ts","all":false,"statementMap":{"0":{"start":{"line":1,"column":0},"end":{"line":1,"column":0}},"1":{"start":{"line":2,"column":0},"end":{"line":2,"column":0}},"2":{"start":{"line":3,"column":0},"end":{"line":3,"column":0}},"3":{"start":{"line":4,"column":0},"end":{"line":4,"column":44}},"4":{"start":{"line":5,"column":0},"end":{"line":5,"column":14}},"5":{"start":{"line":6,"column":0},"end":{"line":6,"column":36}},"6":{"start":{"line":7,"column":0},"end":{"line":7,"column":44}},"7":{"start":{"line":8,"column":0},"end":{"line":8,"column":4}},"8":{"start":{"line":9,"column":0},"end":{"line":9,"column":18}},"9":{"start":{"line":10,"column":0},"end":{"line":10,"column":3}},"10":{"start":{"line":11,"column":0},"end":{"line":11,"column":1}}},"s":{"0":1,"1":1,"2":1,"3":1,"4":1,"5":2,"6":2,"7":2,"8":2,"9":2,"10":1},"branchMap":{"0":{"type":"branch","line":5,"loc":{"start":{"line":5,"column":2},"end":{"line":10,"column":3}},"locations":[{"start":{"line":5,"column":2},"end":{"line":10,"column":3}}]}},"b":{"0":[2]},"fnMap":{"0":{"name":"ErrorController","decl":{"start":{"line":5,"column":2},"end":{"line":10,"column":3}},"loc":{"start":{"line":5,"column":2},"end":{"line":10,"column":3}},"line":5}},"f":{"0":2}}
,"C:\\Users\\Jose PC\\Escritorio\\Node\\f1-rest\\src\\infrastructure\\datasources\\team.datasource.impl.ts": {"path":"C:\\Users\\Jose PC\\Escritorio\\Node\\f1-rest\\src\\infrastructure\\datasources\\team.datasource.impl.ts","all":false,"statementMap":{"0":{"start":{"line":1,"column":0},"end":{"line":1,"column":45}},"1":{"start":{"line":2,"column":0},"end":{"line":2,"column":75}},"2":{"start":{"line":3,"column":0},"end":{"line":3,"column":65}},"3":{"start":{"line":4,"column":0},"end":{"line":4,"column":0}},"4":{"start":{"line":5,"column":0},"end":{"line":5,"column":0}},"5":{"start":{"line":6,"column":0},"end":{"line":6,"column":59}},"6":{"start":{"line":7,"column":0},"end":{"line":7,"column":46}},"7":{"start":{"line":8,"column":0},"end":{"line":8,"column":53}},"8":{"start":{"line":9,"column":0},"end":{"line":9,"column":0}},"9":{"start":{"line":10,"column":0},"end":{"line":10,"column":64}},"10":{"start":{"line":11,"column":0},"end":{"line":11,"column":3}},"11":{"start":{"line":12,"column":0},"end":{"line":12,"column":0}},"12":{"start":{"line":13,"column":0},"end":{"line":13,"column":50}},"13":{"start":{"line":14,"column":0},"end":{"line":14,"column":46}},"14":{"start":{"line":15,"column":0},"end":{"line":15,"column":11}},"15":{"start":{"line":16,"column":0},"end":{"line":16,"column":10}},"16":{"start":{"line":17,"column":0},"end":{"line":17,"column":4}},"17":{"start":{"line":18,"column":0},"end":{"line":18,"column":4}},"18":{"start":{"line":19,"column":0},"end":{"line":19,"column":0}},"19":{"start":{"line":20,"column":0},"end":{"line":20,"column":20}},"20":{"start":{"line":21,"column":0},"end":{"line":21,"column":60}},"21":{"start":{"line":22,"column":0},"end":{"line":22,"column":3}},"22":{"start":{"line":23,"column":0},"end":{"line":23,"column":0}},"23":{"start":{"line":24,"column":0},"end":{"line":24,"column":78}},"24":{"start":{"line":25,"column":0},"end":{"line":25,"column":0}},"25":{"start":{"line":26,"column":0},"end":{"line":26,"column":38}},"26":{"start":{"line":27,"column":0},"end":{"line":27,"column":3}},"27":{"start":{"line":28,"column":0},"end":{"line":28,"column":68}},"28":{"start":{"line":29,"column":0},"end":{"line":29,"column":46}},"29":{"start":{"line":30,"column":0},"end":{"line":30,"column":20}},"30":{"start":{"line":31,"column":0},"end":{"line":31,"column":4}},"31":{"start":{"line":32,"column":0},"end":{"line":32,"column":4}},"32":{"start":{"line":33,"column":0},"end":{"line":33,"column":18}},"33":{"start":{"line":34,"column":0},"end":{"line":34,"column":3}},"34":{"start":{"line":35,"column":0},"end":{"line":35,"column":71}},"35":{"start":{"line":36,"column":0},"end":{"line":36,"column":40}},"36":{"start":{"line":37,"column":0},"end":{"line":37,"column":0}},"37":{"start":{"line":38,"column":0},"end":{"line":38,"column":50}},"38":{"start":{"line":39,"column":0},"end":{"line":39,"column":14}},"39":{"start":{"line":40,"column":0},"end":{"line":40,"column":28}},"40":{"start":{"line":41,"column":0},"end":{"line":41,"column":8}},"41":{"start":{"line":42,"column":0},"end":{"line":42,"column":13}},"42":{"start":{"line":43,"column":0},"end":{"line":43,"column":33}},"43":{"start":{"line":44,"column":0},"end":{"line":44,"column":39}},"44":{"start":{"line":45,"column":0},"end":{"line":45,"column":42}},"45":{"start":{"line":46,"column":0},"end":{"line":46,"column":7}},"46":{"start":{"line":47,"column":0},"end":{"line":47,"column":6}},"47":{"start":{"line":48,"column":0},"end":{"line":48,"column":0}},"48":{"start":{"line":49,"column":0},"end":{"line":49,"column":22}},"49":{"start":{"line":50,"column":0},"end":{"line":50,"column":3}},"50":{"start":{"line":51,"column":0},"end":{"line":51,"column":53}},"51":{"start":{"line":52,"column":0},"end":{"line":52,"column":26}},"52":{"start":{"line":53,"column":0},"end":{"line":53,"column":0}},"53":{"start":{"line":54,"column":0},"end":{"line":54,"column":50}},"54":{"start":{"line":55,"column":0},"end":{"line":55,"column":11}},"55":{"start":{"line":56,"column":0},"end":{"line":56,"column":6}},"56":{"start":{"line":57,"column":0},"end":{"line":57,"column":4}},"57":{"start":{"line":58,"column":0},"end":{"line":58,"column":4}},"58":{"start":{"line":59,"column":0},"end":{"line":59,"column":0}},"59":{"start":{"line":60,"column":0},"end":{"line":60,"column":22}},"60":{"start":{"line":61,"column":0},"end":{"line":61,"column":3}},"61":{"start":{"line":62,"column":0},"end":{"line":62,"column":0}},"62":{"start":{"line":63,"column":0},"end":{"line":63,"column":1}}},"s":{"0":1,"1":1,"2":1,"3":1,"4":1,"5":1,"6":1,"7":1,"8":1,"9":1,"10":1,"11":1,"12":1,"13":7,"14":7,"15":7,"16":7,"17":7,"18":6,"19":7,"20":0,"21":0,"22":6,"23":7,"24":4,"25":4,"26":4,"27":1,"28":1,"29":1,"30":1,"31":1,"32":1,"33":1,"34":1,"35":3,"36":2,"37":2,"38":2,"39":2,"40":2,"41":2,"42":2,"43":2,"44":2,"45":2,"46":2,"47":2,"48":2,"49":2,"50":1,"51":2,"52":1,"53":1,"54":1,"55":1,"56":1,"57":1,"58":1,"59":1,"60":1,"61":1,"62":1},"branchMap":{"0":{"type":"branch","line":7,"loc":{"start":{"line":7,"column":8},"end":{"line":11,"column":3}},"locations":[{"start":{"line":7,"column":8},"end":{"line":11,"column":3}}]},"1":{"type":"branch","line":10,"loc":{"start":{"line":10,"column":28},"end":{"line":10,"column":63}},"locations":[{"start":{"line":10,"column":28},"end":{"line":10,"column":63}}]},"2":{"type":"branch","line":13,"loc":{"start":{"line":13,"column":8},"end":{"line":27,"column":3}},"locations":[{"start":{"line":13,"column":8},"end":{"line":27,"column":3}}]},"3":{"type":"branch","line":19,"loc":{"start":{"line":19,"column":-2},"end":{"line":20,"column":19}},"locations":[{"start":{"line":19,"column":-2},"end":{"line":20,"column":19}}]},"4":{"type":"branch","line":20,"loc":{"start":{"line":20,"column":19},"end":{"line":22,"column":3}},"locations":[{"start":{"line":20,"column":19},"end":{"line":22,"column":3}}]},"5":{"type":"branch","line":23,"loc":{"start":{"line":23,"column":-2},"end":{"line":24,"column":20}},"locations":[{"start":{"line":23,"column":-2},"end":{"line":24,"column":20}}]},"6":{"type":"branch","line":24,"loc":{"start":{"line":24,"column":14},"end":{"line":24,"column":78}},"locations":[{"start":{"line":24,"column":14},"end":{"line":24,"column":78}}]},"7":{"type":"branch","line":25,"loc":{"start":{"line":25,"column":-2},"end":{"line":27,"column":3}},"locations":[{"start":{"line":25,"column":-2},"end":{"line":27,"column":3}}]},"8":{"type":"branch","line":28,"loc":{"start":{"line":28,"column":8},"end":{"line":34,"column":3}},"locations":[{"start":{"line":28,"column":8},"end":{"line":34,"column":3}}]},"9":{"type":"branch","line":35,"loc":{"start":{"line":35,"column":8},"end":{"line":50,"column":3}},"locations":[{"start":{"line":35,"column":8},"end":{"line":50,"column":3}}]},"10":{"type":"branch","line":37,"loc":{"start":{"line":37,"column":-2},"end":{"line":50,"column":3}},"locations":[{"start":{"line":37,"column":-2},"end":{"line":50,"column":3}}]},"11":{"type":"branch","line":51,"loc":{"start":{"line":51,"column":8},"end":{"line":61,"column":3}},"locations":[{"start":{"line":51,"column":8},"end":{"line":61,"column":3}}]},"12":{"type":"branch","line":53,"loc":{"start":{"line":53,"column":-2},"end":{"line":61,"column":3}},"locations":[{"start":{"line":53,"column":-2},"end":{"line":61,"column":3}}]}},"b":{"0":[1],"1":[2],"2":[7],"3":[6],"4":[0],"5":[6],"6":[2],"7":[4],"8":[1],"9":[3],"10":[2],"11":[2],"12":[1]},"fnMap":{"0":{"name":"getAllTeams","decl":{"start":{"line":7,"column":8},"end":{"line":11,"column":3}},"loc":{"start":{"line":7,"column":8},"end":{"line":11,"column":3}},"line":7},"1":{"name":"getTeam","decl":{"start":{"line":13,"column":8},"end":{"line":27,"column":3}},"loc":{"start":{"line":13,"column":8},"end":{"line":27,"column":3}},"line":13},"2":{"name":"createTeam","decl":{"start":{"line":28,"column":8},"end":{"line":34,"column":3}},"loc":{"start":{"line":28,"column":8},"end":{"line":34,"column":3}},"line":28},"3":{"name":"updateTeam","decl":{"start":{"line":35,"column":8},"end":{"line":50,"column":3}},"loc":{"start":{"line":35,"column":8},"end":{"line":50,"column":3}},"line":35},"4":{"name":"deleteTeam","decl":{"start":{"line":51,"column":8},"end":{"line":61,"column":3}},"loc":{"start":{"line":51,"column":8},"end":{"line":61,"column":3}},"line":51}},"f":{"0":1,"1":7,"2":1,"3":3,"4":2}}
,"C:\\Users\\Jose PC\\Escritorio\\Node\\f1-rest\\src\\presentation\\server.ts": {"path":"C:\\Users\\Jose PC\\Escritorio\\Node\\f1-rest\\src\\presentation\\server.ts","all":false,"statementMap":{"0":{"start":{"line":1,"column":0},"end":{"line":1,"column":41}},"1":{"start":{"line":2,"column":0},"end":{"line":2,"column":23}},"2":{"start":{"line":3,"column":0},"end":{"line":3,"column":0}},"3":{"start":{"line":4,"column":0},"end":{"line":4,"column":0}},"4":{"start":{"line":5,"column":0},"end":{"line":5,"column":19}},"5":{"start":{"line":6,"column":0},"end":{"line":6,"column":15}},"6":{"start":{"line":7,"column":0},"end":{"line":7,"column":22}},"7":{"start":{"line":8,"column":0},"end":{"line":8,"column":16}},"8":{"start":{"line":9,"column":0},"end":{"line":9,"column":1}},"9":{"start":{"line":10,"column":0},"end":{"line":10,"column":0}},"10":{"start":{"line":11,"column":0},"end":{"line":11,"column":21}},"11":{"start":{"line":12,"column":0},"end":{"line":12,"column":0}},"12":{"start":{"line":13,"column":0},"end":{"line":13,"column":24}},"13":{"start":{"line":14,"column":0},"end":{"line":14,"column":31}},"14":{"start":{"line":15,"column":0},"end":{"line":15,"column":37}},"15":{"start":{"line":16,"column":0},"end":{"line":16,"column":33}},"16":{"start":{"line":17,"column":0},"end":{"line":17,"column":30}},"17":{"start":{"line":18,"column":0},"end":{"line":18,"column":0}},"18":{"start":{"line":19,"column":0},"end":{"line":19,"column":33}},"19":{"start":{"line":20,"column":0},"end":{"line":20,"column":60}},"20":{"start":{"line":21,"column":0},"end":{"line":21,"column":0}},"21":{"start":{"line":22,"column":0},"end":{"line":22,"column":20}},"22":{"start":{"line":23,"column":0},"end":{"line":23,"column":33}},"23":{"start":{"line":24,"column":0},"end":{"line":24,"column":24}},"24":{"start":{"line":25,"column":0},"end":{"line":25,"column":3}},"25":{"start":{"line":26,"column":0},"end":{"line":26,"column":0}},"26":{"start":{"line":27,"column":0},"end":{"line":27,"column":17}},"27":{"start":{"line":28,"column":0},"end":{"line":28,"column":0}},"28":{"start":{"line":29,"column":0},"end":{"line":29,"column":18}},"29":{"start":{"line":30,"column":0},"end":{"line":30,"column":95}},"30":{"start":{"line":31,"column":0},"end":{"line":31,"column":113}},"31":{"start":{"line":32,"column":0},"end":{"line":32,"column":29}},"32":{"start":{"line":33,"column":0},"end":{"line":33,"column":49}},"33":{"start":{"line":34,"column":0},"end":{"line":34,"column":0}},"34":{"start":{"line":35,"column":0},"end":{"line":35,"column":24}},"35":{"start":{"line":36,"column":0},"end":{"line":36,"column":29}},"36":{"start":{"line":37,"column":0},"end":{"line":37,"column":0}},"37":{"start":{"line":38,"column":0},"end":{"line":38,"column":37}},"38":{"start":{"line":39,"column":0},"end":{"line":39,"column":87}},"39":{"start":{"line":40,"column":0},"end":{"line":40,"column":0}},"40":{"start":{"line":41,"column":0},"end":{"line":41,"column":29}},"41":{"start":{"line":42,"column":0},"end":{"line":42,"column":6}},"42":{"start":{"line":43,"column":0},"end":{"line":43,"column":4}},"43":{"start":{"line":44,"column":0},"end":{"line":44,"column":60}},"44":{"start":{"line":45,"column":0},"end":{"line":45,"column":58}},"45":{"start":{"line":46,"column":0},"end":{"line":46,"column":6}},"46":{"start":{"line":47,"column":0},"end":{"line":47,"column":0}},"47":{"start":{"line":48,"column":0},"end":{"line":48,"column":3}},"48":{"start":{"line":49,"column":0},"end":{"line":49,"column":0}},"49":{"start":{"line":50,"column":0},"end":{"line":50,"column":18}},"50":{"start":{"line":51,"column":0},"end":{"line":51,"column":32}},"51":{"start":{"line":52,"column":0},"end":{"line":52,"column":3}},"52":{"start":{"line":53,"column":0},"end":{"line":53,"column":1}}},"s":{"0":1,"1":1,"2":1,"3":1,"4":1,"5":1,"6":1,"7":1,"8":1,"9":1,"10":1,"11":1,"12":1,"13":1,"14":1,"15":1,"16":1,"17":1,"18":1,"19":1,"20":1,"21":1,"22":1,"23":1,"24":1,"25":1,"26":1,"27":1,"28":1,"29":1,"30":1,"31":1,"32":1,"33":1,"34":1,"35":1,"36":1,"37":1,"38":0,"39":0,"40":0,"41":1,"42":1,"43":1,"44":0,"45":1,"46":1,"47":1,"48":1,"49":1,"50":1,"51":1,"52":1},"branchMap":{"0":{"type":"branch","line":19,"loc":{"start":{"line":19,"column":2},"end":{"line":25,"column":3}},"locations":[{"start":{"line":19,"column":2},"end":{"line":25,"column":3}}]},"1":{"type":"branch","line":27,"loc":{"start":{"line":27,"column":8},"end":{"line":48,"column":3}},"locations":[{"start":{"line":27,"column":8},"end":{"line":48,"column":3}}]},"2":{"type":"branch","line":50,"loc":{"start":{"line":50,"column":9},"end":{"line":52,"column":3}},"locations":[{"start":{"line":50,"column":9},"end":{"line":52,"column":3}}]},"3":{"type":"branch","line":51,"loc":{"start":{"line":51,"column":23},"end":{"line":51,"column":25}},"locations":[{"start":{"line":51,"column":23},"end":{"line":51,"column":25}}]}},"b":{"0":[1],"1":[1],"2":[1],"3":[0]},"fnMap":{"0":{"name":"Server","decl":{"start":{"line":19,"column":2},"end":{"line":25,"column":3}},"loc":{"start":{"line":19,"column":2},"end":{"line":25,"column":3}},"line":19},"1":{"name":"start","decl":{"start":{"line":27,"column":8},"end":{"line":48,"column":3}},"loc":{"start":{"line":27,"column":8},"end":{"line":48,"column":3}},"line":27},"2":{"name":"close","decl":{"start":{"line":50,"column":9},"end":{"line":52,"column":3}},"loc":{"start":{"line":50,"column":9},"end":{"line":52,"column":3}},"line":50}},"f":{"0":1,"1":1,"2":1}}
,"C:\\Users\\Jose PC\\Escritorio\\Node\\f1-rest\\src\\presentation\\formula1\\f1Controller.ts": {"path":"C:\\Users\\Jose PC\\Escritorio\\Node\\f1-rest\\src\\presentation\\formula1\\f1Controller.ts","all":false,"statementMap":{"0":{"start":{"line":1,"column":0},"end":{"line":1,"column":43}},"1":{"start":{"line":2,"column":0},"end":{"line":2,"column":64}},"2":{"start":{"line":3,"column":0},"end":{"line":3,"column":94}},"3":{"start":{"line":4,"column":0},"end":{"line":4,"column":62}},"4":{"start":{"line":5,"column":0},"end":{"line":5,"column":0}},"5":{"start":{"line":6,"column":0},"end":{"line":6,"column":0}},"6":{"start":{"line":7,"column":0},"end":{"line":7,"column":32}},"7":{"start":{"line":8,"column":0},"end":{"line":8,"column":0}},"8":{"start":{"line":9,"column":0},"end":{"line":9,"column":13}},"9":{"start":{"line":10,"column":0},"end":{"line":10,"column":45}},"10":{"start":{"line":11,"column":0},"end":{"line":11,"column":5}},"11":{"start":{"line":12,"column":0},"end":{"line":12,"column":0}},"12":{"start":{"line":13,"column":0},"end":{"line":13,"column":57}},"13":{"start":{"line":14,"column":0},"end":{"line":14,"column":38}},"14":{"start":{"line":15,"column":0},"end":{"line":15,"column":58}},"15":{"start":{"line":16,"column":0},"end":{"line":16,"column":9}},"16":{"start":{"line":17,"column":0},"end":{"line":17,"column":3}},"17":{"start":{"line":18,"column":0},"end":{"line":18,"column":0}},"18":{"start":{"line":19,"column":0},"end":{"line":19,"column":59}},"19":{"start":{"line":20,"column":0},"end":{"line":20,"column":2}},"20":{"start":{"line":21,"column":0},"end":{"line":21,"column":0}},"21":{"start":{"line":22,"column":0},"end":{"line":22,"column":56}},"22":{"start":{"line":23,"column":0},"end":{"line":23,"column":41}},"23":{"start":{"line":24,"column":0},"end":{"line":24,"column":34}},"24":{"start":{"line":25,"column":0},"end":{"line":25,"column":45}},"25":{"start":{"line":26,"column":0},"end":{"line":26,"column":2}},"26":{"start":{"line":27,"column":0},"end":{"line":27,"column":0}},"27":{"start":{"line":28,"column":0},"end":{"line":28,"column":56}},"28":{"start":{"line":29,"column":0},"end":{"line":29,"column":27}},"29":{"start":{"line":30,"column":0},"end":{"line":30,"column":0}},"30":{"start":{"line":31,"column":0},"end":{"line":31,"column":42}},"31":{"start":{"line":32,"column":0},"end":{"line":32,"column":44}},"32":{"start":{"line":33,"column":0},"end":{"line":33,"column":45}},"33":{"start":{"line":34,"column":0},"end":{"line":34,"column":2}},"34":{"start":{"line":35,"column":0},"end":{"line":35,"column":0}},"35":{"start":{"line":36,"column":0},"end":{"line":36,"column":55}},"36":{"start":{"line":37,"column":0},"end":{"line":37,"column":0}},"37":{"start":{"line":38,"column":0},"end":{"line":38,"column":27}},"38":{"start":{"line":39,"column":0},"end":{"line":39,"column":63}},"39":{"start":{"line":40,"column":0},"end":{"line":40,"column":0}},"40":{"start":{"line":41,"column":0},"end":{"line":41,"column":13}},"41":{"start":{"line":42,"column":0},"end":{"line":42,"column":41}},"42":{"start":{"line":43,"column":0},"end":{"line":43,"column":3}},"43":{"start":{"line":44,"column":0},"end":{"line":44,"column":0}},"44":{"start":{"line":45,"column":0},"end":{"line":45,"column":57}},"45":{"start":{"line":46,"column":0},"end":{"line":46,"column":44}},"46":{"start":{"line":47,"column":0},"end":{"line":47,"column":45}},"47":{"start":{"line":48,"column":0},"end":{"line":48,"column":2}},"48":{"start":{"line":49,"column":0},"end":{"line":49,"column":0}},"49":{"start":{"line":50,"column":0},"end":{"line":50,"column":55}},"50":{"start":{"line":51,"column":0},"end":{"line":51,"column":27}},"51":{"start":{"line":52,"column":0},"end":{"line":52,"column":0}},"52":{"start":{"line":53,"column":0},"end":{"line":53,"column":60}},"53":{"start":{"line":54,"column":0},"end":{"line":54,"column":0}},"54":{"start":{"line":55,"column":0},"end":{"line":55,"column":56}},"55":{"start":{"line":56,"column":0},"end":{"line":56,"column":44}},"56":{"start":{"line":57,"column":0},"end":{"line":57,"column":45}},"57":{"start":{"line":58,"column":0},"end":{"line":58,"column":2}},"58":{"start":{"line":59,"column":0},"end":{"line":59,"column":0}},"59":{"start":{"line":60,"column":0},"end":{"line":60,"column":55}},"60":{"start":{"line":61,"column":0},"end":{"line":61,"column":27}},"61":{"start":{"line":62,"column":0},"end":{"line":62,"column":0}},"62":{"start":{"line":63,"column":0},"end":{"line":63,"column":45}},"63":{"start":{"line":64,"column":0},"end":{"line":64,"column":44}},"64":{"start":{"line":65,"column":0},"end":{"line":65,"column":45}},"65":{"start":{"line":66,"column":0},"end":{"line":66,"column":2}},"66":{"start":{"line":67,"column":0},"end":{"line":67,"column":1}}},"s":{"0":1,"1":1,"2":1,"3":1,"4":1,"5":1,"6":1,"7":1,"8":1,"9":2,"10":2,"11":1,"12":1,"13":3,"14":2,"15":2,"16":2,"17":1,"18":1,"19":1,"20":1,"21":1,"22":1,"23":1,"24":1,"25":1,"26":1,"27":1,"28":2,"29":2,"30":2,"31":2,"32":2,"33":2,"34":1,"35":1,"36":2,"37":2,"38":2,"39":2,"40":2,"41":1,"42":1,"43":1,"44":1,"45":1,"46":1,"47":1,"48":1,"49":1,"50":3,"51":3,"52":3,"53":3,"54":3,"55":3,"56":3,"57":3,"58":1,"59":1,"60":2,"61":2,"62":2,"63":2,"64":2,"65":2,"66":1},"branchMap":{"0":{"type":"branch","line":9,"loc":{"start":{"line":9,"column":1},"end":{"line":11,"column":5}},"locations":[{"start":{"line":9,"column":1},"end":{"line":11,"column":5}}]},"1":{"type":"branch","line":13,"loc":{"start":{"line":13,"column":23},"end":{"line":20,"column":2}},"locations":[{"start":{"line":13,"column":23},"end":{"line":20,"column":2}}]},"2":{"type":"branch","line":14,"loc":{"start":{"line":14,"column":37},"end":{"line":17,"column":3}},"locations":[{"start":{"line":14,"column":37},"end":{"line":17,"column":3}}]},"3":{"type":"branch","line":18,"loc":{"start":{"line":18,"column":-2},"end":{"line":20,"column":2}},"locations":[{"start":{"line":18,"column":-2},"end":{"line":20,"column":2}}]},"4":{"type":"branch","line":22,"loc":{"start":{"line":22,"column":22},"end":{"line":26,"column":2}},"locations":[{"start":{"line":22,"column":22},"end":{"line":26,"column":2}}]},"5":{"type":"branch","line":24,"loc":{"start":{"line":24,"column":9},"end":{"line":24,"column":33}},"locations":[{"start":{"line":24,"column":9},"end":{"line":24,"column":33}}]},"6":{"type":"branch","line":28,"loc":{"start":{"line":28,"column":22},"end":{"line":34,"column":2}},"locations":[{"start":{"line":28,"column":22},"end":{"line":34,"column":2}}]},"7":{"type":"branch","line":32,"loc":{"start":{"line":32,"column":9},"end":{"line":32,"column":43}},"locations":[{"start":{"line":32,"column":9},"end":{"line":32,"column":43}}]},"8":{"type":"branch","line":33,"loc":{"start":{"line":33,"column":10},"end":{"line":33,"column":44}},"locations":[{"start":{"line":33,"column":10},"end":{"line":33,"column":44}}]},"9":{"type":"branch","line":36,"loc":{"start":{"line":36,"column":21},"end":{"line":48,"column":2}},"locations":[{"start":{"line":36,"column":21},"end":{"line":48,"column":2}}]},"10":{"type":"branch","line":41,"loc":{"start":{"line":41,"column":12},"end":{"line":48,"column":2}},"locations":[{"start":{"line":41,"column":12},"end":{"line":48,"column":2}}]},"11":{"type":"branch","line":46,"loc":{"start":{"line":46,"column":9},"end":{"line":46,"column":43}},"locations":[{"start":{"line":46,"column":9},"end":{"line":46,"column":43}}]},"12":{"type":"branch","line":50,"loc":{"start":{"line":50,"column":21},"end":{"line":58,"column":2}},"locations":[{"start":{"line":50,"column":21},"end":{"line":58,"column":2}}]},"13":{"type":"branch","line":56,"loc":{"start":{"line":56,"column":9},"end":{"line":56,"column":43}},"locations":[{"start":{"line":56,"column":9},"end":{"line":56,"column":43}}]},"14":{"type":"branch","line":57,"loc":{"start":{"line":57,"column":10},"end":{"line":57,"column":44}},"locations":[{"start":{"line":57,"column":10},"end":{"line":57,"column":44}}]},"15":{"type":"branch","line":60,"loc":{"start":{"line":60,"column":21},"end":{"line":66,"column":2}},"locations":[{"start":{"line":60,"column":21},"end":{"line":66,"column":2}}]},"16":{"type":"branch","line":64,"loc":{"start":{"line":64,"column":9},"end":{"line":64,"column":43}},"locations":[{"start":{"line":64,"column":9},"end":{"line":64,"column":43}}]},"17":{"type":"branch","line":65,"loc":{"start":{"line":65,"column":10},"end":{"line":65,"column":44}},"locations":[{"start":{"line":65,"column":10},"end":{"line":65,"column":44}}]}},"b":{"0":[2],"1":[3],"2":[2],"3":[1],"4":[1],"5":[1],"6":[2],"7":[1],"8":[1],"9":[2],"10":[1],"11":[1],"12":[3],"13":[2],"14":[1],"15":[2],"16":[1],"17":[1]},"fnMap":{"0":{"name":"FormulaController","decl":{"start":{"line":9,"column":1},"end":{"line":11,"column":5}},"loc":{"start":{"line":9,"column":1},"end":{"line":11,"column":5}},"line":9},"1":{"name":"FormulaController.errorHandler","decl":{"start":{"line":13,"column":23},"end":{"line":20,"column":2}},"loc":{"start":{"line":13,"column":23},"end":{"line":20,"column":2}},"line":13},"2":{"name":"FormulaController.getAllTeams","decl":{"start":{"line":22,"column":22},"end":{"line":26,"column":2}},"loc":{"start":{"line":22,"column":22},"end":{"line":26,"column":2}},"line":22},"3":{"name":"FormulaController.getTeamById","decl":{"start":{"line":28,"column":22},"end":{"line":34,"column":2}},"loc":{"start":{"line":28,"column":22},"end":{"line":34,"column":2}},"line":28},"4":{"name":"FormulaController.createTeam","decl":{"start":{"line":36,"column":21},"end":{"line":48,"column":2}},"loc":{"start":{"line":36,"column":21},"end":{"line":48,"column":2}},"line":36},"5":{"name":"FormulaController.updateTeam","decl":{"start":{"line":50,"column":21},"end":{"line":58,"column":2}},"loc":{"start":{"line":50,"column":21},"end":{"line":58,"column":2}},"line":50},"6":{"name":"FormulaController.deleteTeam","decl":{"start":{"line":60,"column":21},"end":{"line":66,"column":2}},"loc":{"start":{"line":60,"column":21},"end":{"line":66,"column":2}},"line":60}},"f":{"0":2,"1":3,"2":1,"3":2,"4":2,"5":3,"6":2}}
,"C:\\Users\\Jose PC\\Escritorio\\Node\\f1-rest\\tests\\testServer.ts": {"path":"C:\\Users\\Jose PC\\Escritorio\\Node\\f1-rest\\tests\\testServer.ts","all":false,"statementMap":{"0":{"start":{"line":1,"column":0},"end":{"line":1,"column":52}},"1":{"start":{"line":2,"column":0},"end":{"line":2,"column":42}},"2":{"start":{"line":3,"column":0},"end":{"line":3,"column":55}},"3":{"start":{"line":4,"column":0},"end":{"line":4,"column":0}},"4":{"start":{"line":5,"column":0},"end":{"line":5,"column":0}},"5":{"start":{"line":6,"column":0},"end":{"line":6,"column":0}},"6":{"start":{"line":7,"column":0},"end":{"line":7,"column":38}},"7":{"start":{"line":8,"column":0},"end":{"line":8,"column":18}},"8":{"start":{"line":9,"column":0},"end":{"line":9,"column":26}},"9":{"start":{"line":10,"column":0},"end":{"line":10,"column":2}}},"s":{"0":1,"1":1,"2":1,"3":1,"4":1,"5":1,"6":1,"7":1,"8":1,"9":1},"branchMap":{},"b":{},"fnMap":{},"f":{}}
}
