TN:
SF:src\app.ts
FN:11,main
FNF:1
FNH:1
FNDA:1,main
DA:1,1
DA:2,1
DA:3,1
DA:4,1
DA:5,1
DA:6,1
DA:7,1
DA:8,1
DA:9,1
DA:10,1
DA:11,1
DA:12,1
DA:13,1
DA:14,1
DA:15,1
DA:16,1
DA:17,1
DA:18,1
DA:19,1
DA:20,1
LF:20
LH:20
BRDA:6,0,0,1
BRDA:11,1,0,1
BRF:2
BRH:2
end_of_record
TN:
SF:src\config\envs.ts
FNF:0
FNH:0
DA:1,1
DA:2,1
DA:3,1
DA:4,1
DA:5,1
DA:6,1
DA:7,1
DA:8,1
LF:8
LH:8
BRF:0
BRH:0
end_of_record
TN:
SF:src\data\postgres\index.ts
FNF:0
FNH:0
DA:1,1
DA:2,1
DA:3,1
DA:4,1
DA:5,1
LF:5
LH:5
BRF:0
BRH:0
end_of_record
TN:
SF:src\domain\index.ts
FNF:0
FNH:0
DA:1,1
DA:2,1
DA:3,1
DA:4,1
LF:4
LH:4
BRF:0
BRH:0
end_of_record
TN:
SF:src\domain\errors\statusError.ts
FN:5,ErrorController
FNF:1
FNH:1
FNDA:2,ErrorController
DA:1,1
DA:2,1
DA:3,1
DA:4,1
DA:5,1
DA:6,2
DA:7,2
DA:8,2
DA:9,2
DA:10,2
DA:11,1
LF:11
LH:11
BRDA:5,0,0,2
BRF:1
BRH:1
end_of_record
TN:
SF:src\infrastructure\datasources\team.datasource.impl.ts
FN:7,getAllTeams
FN:13,getTeam
FN:28,createTeam
FN:35,updateTeam
FN:51,deleteTeam
FNF:5
FNH:5
FNDA:1,getAllTeams
FNDA:7,getTeam
FNDA:1,createTeam
FNDA:3,updateTeam
FNDA:2,deleteTeam
DA:1,1
DA:2,1
DA:3,1
DA:4,1
DA:5,1
DA:6,1
DA:7,1
DA:8,1
DA:9,1
DA:10,1
DA:11,1
DA:12,1
DA:13,1
DA:14,7
DA:15,7
DA:16,7
DA:17,7
DA:18,7
DA:19,6
DA:20,7
DA:21,0
DA:22,0
DA:23,6
DA:24,7
DA:25,4
DA:26,4
DA:27,4
DA:28,1
DA:29,1
DA:30,1
DA:31,1
DA:32,1
DA:33,1
DA:34,1
DA:35,1
DA:36,3
DA:37,2
DA:38,2
DA:39,2
DA:40,2
DA:41,2
DA:42,2
DA:43,2
DA:44,2
DA:45,2
DA:46,2
DA:47,2
DA:48,2
DA:49,2
DA:50,2
DA:51,1
DA:52,2
DA:53,1
DA:54,1
DA:55,1
DA:56,1
DA:57,1
DA:58,1
DA:59,1
DA:60,1
DA:61,1
DA:62,1
DA:63,1
LF:63
LH:61
BRDA:7,0,0,1
BRDA:10,1,0,2
BRDA:13,2,0,7
BRDA:19,3,0,6
BRDA:20,4,0,0
BRDA:23,5,0,6
BRDA:24,6,0,2
BRDA:25,7,0,4
BRDA:28,8,0,1
BRDA:35,9,0,3
BRDA:37,10,0,2
BRDA:51,11,0,2
BRDA:53,12,0,1
BRF:13
BRH:12
end_of_record
TN:
SF:src\presentation\server.ts
FN:19,Server
FN:27,start
FN:50,close
FNF:3
FNH:3
FNDA:1,Server
FNDA:1,start
FNDA:1,close
DA:1,1
DA:2,1
DA:3,1
DA:4,1
DA:5,1
DA:6,1
DA:7,1
DA:8,1
DA:9,1
DA:10,1
DA:11,1
DA:12,1
DA:13,1
DA:14,1
DA:15,1
DA:16,1
DA:17,1
DA:18,1
DA:19,1
DA:20,1
DA:21,1
DA:22,1
DA:23,1
DA:24,1
DA:25,1
DA:26,1
DA:27,1
DA:28,1
DA:29,1
DA:30,1
DA:31,1
DA:32,1
DA:33,1
DA:34,1
DA:35,1
DA:36,1
DA:37,1
DA:38,1
DA:39,0
DA:40,0
DA:41,0
DA:42,1
DA:43,1
DA:44,1
DA:45,0
DA:46,1
DA:47,1
DA:48,1
DA:49,1
DA:50,1
DA:51,1
DA:52,1
DA:53,1
LF:53
LH:49
BRDA:19,0,0,1
BRDA:27,1,0,1
BRDA:50,2,0,1
BRDA:51,3,0,0
BRF:4
BRH:3
end_of_record
TN:
SF:src\presentation\formula1\f1Controller.ts
FN:9,FormulaController
FN:13,FormulaController.errorHandler
FN:22,FormulaController.getAllTeams
FN:28,FormulaController.getTeamById
FN:36,FormulaController.createTeam
FN:50,FormulaController.updateTeam
FN:60,FormulaController.deleteTeam
FNF:7
FNH:7
FNDA:2,FormulaController
FNDA:3,FormulaController.errorHandler
FNDA:1,FormulaController.getAllTeams
FNDA:2,FormulaController.getTeamById
FNDA:2,FormulaController.createTeam
FNDA:3,FormulaController.updateTeam
FNDA:2,FormulaController.deleteTeam
DA:1,1
DA:2,1
DA:3,1
DA:4,1
DA:5,1
DA:6,1
DA:7,1
DA:8,1
DA:9,1
DA:10,2
DA:11,2
DA:12,1
DA:13,1
DA:14,3
DA:15,2
DA:16,2
DA:17,2
DA:18,1
DA:19,1
DA:20,1
DA:21,1
DA:22,1
DA:23,1
DA:24,1
DA:25,1
DA:26,1
DA:27,1
DA:28,1
DA:29,2
DA:30,2
DA:31,2
DA:32,2
DA:33,2
DA:34,2
DA:35,1
DA:36,1
DA:37,2
DA:38,2
DA:39,2
DA:40,2
DA:41,2
DA:42,1
DA:43,1
DA:44,1
DA:45,1
DA:46,1
DA:47,1
DA:48,1
DA:49,1
DA:50,1
DA:51,3
DA:52,3
DA:53,3
DA:54,3
DA:55,3
DA:56,3
DA:57,3
DA:58,3
DA:59,1
DA:60,1
DA:61,2
DA:62,2
DA:63,2
DA:64,2
DA:65,2
DA:66,2
DA:67,1
LF:67
LH:67
BRDA:9,0,0,2
BRDA:13,1,0,3
BRDA:14,2,0,2
BRDA:18,3,0,1
BRDA:22,4,0,1
BRDA:24,5,0,1
BRDA:28,6,0,2
BRDA:32,7,0,1
BRDA:33,8,0,1
BRDA:36,9,0,2
BRDA:41,10,0,1
BRDA:46,11,0,1
BRDA:50,12,0,3
BRDA:56,13,0,2
BRDA:57,14,0,1
BRDA:60,15,0,2
BRDA:64,16,0,1
BRDA:65,17,0,1
BRF:18
BRH:18
end_of_record
TN:
SF:tests\testServer.ts
FNF:0
FNH:0
DA:1,1
DA:2,1
DA:3,1
DA:4,1
DA:5,1
DA:6,1
DA:7,1
DA:8,1
DA:9,1
DA:10,1
LF:10
LH:10
BRF:0
BRH:0
end_of_record
